
Starting:    C:\app\Gowin\Gowin_V1.9.6.02Beta\SynplifyPro\bin64\mbin\synplify.exe
Install:     C:\app\Gowin\Gowin_V1.9.6.02Beta\SynplifyPro
Hostname:    HIROMICHI-PC
Date:        Sat Apr 17 10:02:24 2021
Version:     Q-2020.03G-Beta1

Arguments:   -product synplify_pro C:/kitahard/Tang_Nano/td4+D_pjt/impl/synthesize/lcd_pjt.prj
ProductType: synplify_pro

License checkout: synplifypro_gowin
License: synplifypro_gowin from server 45.33.107.56 
Licensed Vendor: gowin


log file: "C:\kitahard\Tang_Nano\td4+D_pjt\impl\synthesize\rev_1\lcd_pjt.srr"
Running: rev_1 in foreground

Running lcd_pjt|rev_1

Running Flow: compile (Compile) on lcd_pjt|rev_1
# Sat Apr 17 10:02:25 2021

Running Flow: compile_flow (Compile Process) on lcd_pjt|rev_1
# Sat Apr 17 10:02:25 2021

Running: compiler (Compile Input) on lcd_pjt|rev_1
# Sat Apr 17 10:02:25 2021
Copied C:\kitahard\Tang_Nano\td4+D_pjt\impl\synthesize\rev_1\synwork\lcd_pjt_comp.srs to C:\kitahard\Tang_Nano\td4+D_pjt\impl\synthesize\rev_1\lcd_pjt.srs

compiler completed
# Sat Apr 17 10:02:27 2021

Return Code: 0
Run Time:00h:00m:02s

Running: multi_srs_gen (Multi-srs Generator) on lcd_pjt|rev_1
# Sat Apr 17 10:02:27 2021

multi_srs_gen completed
# Sat Apr 17 10:02:27 2021

Return Code: 0
Run Time:00h:00m:00s
Copied C:\kitahard\Tang_Nano\td4+D_pjt\impl\synthesize\rev_1\synwork\lcd_pjt_mult.srs to C:\kitahard\Tang_Nano\td4+D_pjt\impl\synthesize\rev_1\lcd_pjt.srs
Complete: Compile Process on lcd_pjt|rev_1

Running: premap (Premap) on lcd_pjt|rev_1
# Sat Apr 17 10:02:27 2021

premap completed with warnings
# Sat Apr 17 10:02:30 2021

Return Code: 1
Run Time:00h:00m:03s
Complete: Compile on lcd_pjt|rev_1

Running Flow: map (Map) on lcd_pjt|rev_1
# Sat Apr 17 10:02:30 2021

Running: fpga_mapper (Map & Optimize) on lcd_pjt|rev_1
# Sat Apr 17 10:02:30 2021
Copied C:\kitahard\Tang_Nano\td4+D_pjt\impl\synthesize\rev_1\synwork\lcd_pjt_m.srm to C:\kitahard\Tang_Nano\td4+D_pjt\impl\synthesize\rev_1\lcd_pjt.srm

fpga_mapper completed with warnings
# Sat Apr 17 10:02:36 2021

Return Code: 1
Run Time:00h:00m:06s
Complete: Map on lcd_pjt|rev_1
Complete: Logic Synthesis on lcd_pjt|rev_1
NOTE:  This version of the software is not a production release. No warranty is made as to the general availability of features and functionality included in this version or described in the accompanying documentation. The final contents of a production release and its timing remain at the sole discretion of Synopsys.
exit status=0
License checkin: synplifypro_gowin
